<?xml version="1.0" encoding="UTF-8"?>
<testsuite xmlns:xsi="http://www.w3.org/2001/XMLSchema-instance" xsi:noNamespaceSchemaLocation="https://maven.apache.org/surefire/maven-surefire-plugin/xsd/surefire-test-report-3.0.xsd" version="3.0" name="runner.RunnerTest" time="25.912" tests="1" errors="0" skipped="0" failures="0">
  <properties>
[...]
</properties>
  <testcase name="runScenario[&quot;As a User, I want to checkout Sauce Lab Back Packs with blue color and quantity is 2&quot;, &quot;Checkout&quot;](1)" classname="runner.RunnerTest" time="24.431">
    <system-out><![CDATA[
@Checkout
Scenario: As a User, I want to checkout Sauce Lab Back Packs with blue color and quantity is 2 # src/test/resources/features/Checkout.feature:4
  Given User is already on Sauce Labs Apps                                                     # steps.CheckoutSteps.userIsAlreadyOnSauceLabsApps()
  When User choose product                                                                     # steps.CheckoutSteps.userChooseProduct()
  And User choose color                                                                        # steps.CheckoutSteps.userChooseColor()
  And User input quantity                                                                      # steps.CheckoutSteps.userInputQuantity()
  And User go to my cart page to proceed to checkout                                           # steps.CheckoutSteps.userGoToMyCartPageToProceedToCheckout()
  And User login with correct credentials                                                      # steps.CheckoutSteps.userLoginWithCorrectCredentials()
  And User fill the shipping address                                                           # steps.CheckoutSteps.userFillTheShippingAddress()
  And User fill the payment method                                                             # steps.CheckoutSteps.userFillThePaymentMethod()
  And User place an order                                                                      # steps.CheckoutSteps.userPlaceAnOrder()
  Then User successfully checkout the goods                                                    # steps.CheckoutSteps.userSuccessfullyCheckoutTheGoods()

    Embedding evidence-test [image/png 127713 bytes]

]]></system-out>
    <system-err><![CDATA[SLF4J: No SLF4J providers were found.
SLF4J: Defaulting to no-operation (NOP) logger implementation
SLF4J: See https://www.slf4j.org/codes.html#noProviders for further details.
]]></system-err>
  </testcase>
</testsuite>