<?xml version="1.0" encoding="UTF-8"?>
<testsuite xmlns:xsi="http://www.w3.org/2001/XMLSchema-instance" xsi:noNamespaceSchemaLocation="https://maven.apache.org/surefire/maven-surefire-plugin/xsd/surefire-test-report-3.0.xsd" version="3.0" name="runner.RunnerTest" time="27.062" tests="1" errors="0" skipped="0" failures="0">
  <properties>
[...]
</properties>
  <testcase name="runScenario[&quot;As a User, I want to checkout Sauce Lab Back Packs with blue color and quantity is 2&quot;, &quot;Checkout&quot;](1)" classname="runner.RunnerTest" time="25.687">
    <system-out><![CDATA[
@Checkout
Scenario: As a User, I want to checkout Sauce Lab Back Packs with blue color and quantity is 2 # src/test/resources/features/Checkout.feature:4
  Given User is already on Sauce Labs Apps                                                     # steps.CheckoutSteps.userIsAlreadyOnSauceLabsApps()

    Embedding evidence-test [image/png 1291310 bytes]

  When User choose product                                                                     # steps.CheckoutSteps.userChooseProduct()

    Embedding evidence-test [image/png 797954 bytes]

  And User choose color                                                                        # steps.CheckoutSteps.userChooseColor()

    Embedding evidence-test [image/png 797761 bytes]

  And User input quantity                                                                      # steps.CheckoutSteps.userInputQuantity()

    Embedding evidence-test [image/png 800499 bytes]

  And User go to my cart page to proceed to checkout                                           # steps.CheckoutSteps.userGoToMyCartPageToProceedToCheckout()

    Embedding evidence-test [image/png 363306 bytes]

  And User login with correct credentials                                                      # steps.CheckoutSteps.userLoginWithCorrectCredentials()

    Embedding evidence-test [image/png 97718 bytes]

  And User fill the shipping address                                                           # steps.CheckoutSteps.userFillTheShippingAddress()

    Embedding evidence-test [image/png 122259 bytes]

  And User fill the payment method                                                             # steps.CheckoutSteps.userFillThePaymentMethod()

    Embedding evidence-test [image/png 118538 bytes]

  And User place an order                                                                      # steps.CheckoutSteps.userPlaceAnOrder()

    Embedding evidence-test [image/png 382653 bytes]

  Then User successfully checkout the goods                                                    # steps.CheckoutSteps.userSuccessfullyCheckoutTheGoods()

    Embedding evidence-test [image/png 127713 bytes]


    Embedding evidence-test [image/png 127713 bytes]

]]></system-out>
    <system-err><![CDATA[SLF4J: Failed to load class "org.slf4j.impl.StaticLoggerBinder".
SLF4J: Defaulting to no-operation (NOP) logger implementation
SLF4J: See http://www.slf4j.org/codes.html#StaticLoggerBinder for further details.
Nov 30, 2022 2:01:43 PM io.appium.java_client.remote.AppiumCommandExecutor$1 lambda$0
INFO: Detected dialect: W3C
]]></system-err>
  </testcase>
</testsuite>